<?xml version="1.0" encoding="UTF-8"?>
<!-- Generated by org.testng.reporters.JUnitXMLReporter -->
<testsuite ignored="0" hostname="DESKTOP-SHIVASHANKAR" failures="0" tests="6" name="Default test" time="26.919" errors="0" timestamp="2024-05-10T17:07:55 IST">
  <testcase classname="Com.TrusteeModuleTest.Trustee_Login_Test" name="VerifyLoginWithYourPhoneNumberDisplay" time="2.144"/>
  <testcase classname="Com.TrusteeModuleTest.Trustee_Login_Test" name="VerifyEmptyMobileNumberFields" time="2.184"/>
  <testcase classname="Com.TrusteeModuleTest.Trustee_Login_Test" name="VerifyLoginWithInvalidCredentials" time="6.419"/>
  <testcase classname="Com.TrusteeModuleTest.Trustee_Login_Test" name="testLogoDisplay" time="2.079"/>
  <testcase classname="Com.TrusteeModuleTest.Trustee_Login_Test" name="testButtonClickability" time="2.069"/>
  <testcase classname="Com.TrusteeModuleTest.Trustee_Login_Test" name="VerifyLoginWithValidateData" time="6.538"/>
</testsuite> <!-- Default test -->
