<?xml version="1.0" encoding="UTF-8"?>
<!-- Generated by org.testng.reporters.JUnitXMLReporter -->
<testsuite ignored="3" hostname="DESKTOP-SHIVASHANKAR" failures="0" tests="4" name="Test" time="375.564" errors="0" timestamp="2024-03-05T17:26:25 IST">
  <testcase classname="FilterModuleTest.FilterPageTest" name="Filter" time="82.307"/>
  <testcase classname="Com.PageNavigationTest.PageNavigationTest" name="AllPageNavigationTest" time="107.626"/>
  <testcase classname="Com.NotificationPageTest.NotificationpageTest" name="VerifyNotificationPage" time="12.363"/>
  <testcase classname="Com.Sprint2.test.SelectCityTest" name="SelectCityVerify" time="166.699"/>
  <testcase classname="Base.launchbrowser" name="@BeforeTest setup" time="0.0">
    <ignored/>
  </testcase> <!-- @BeforeTest setup -->
  <testcase classname="Base.launchbrowser" name="@BeforeTest setup" time="0.0">
    <ignored/>
  </testcase> <!-- @BeforeTest setup -->
  <testcase classname="Base.launchbrowser" name="@BeforeTest setup" time="0.0">
    <ignored/>
  </testcase> <!-- @BeforeTest setup -->
</testsuite> <!-- Test -->
