<?xml version="1.0" encoding="UTF-8"?>
<testng-results ignored="0" total="2" passed="2" failed="0" skipped="0">
  <reporter-output>
  </reporter-output>
  <suite started-at="2024-02-26T12:50:54 IST" name="CrossBrowserTestSuite" finished-at="2024-02-26T12:51:08 IST" duration-ms="14696">
    <groups>
    </groups>
    <test started-at="2024-02-26T12:50:54 IST" name="ChromeTest" finished-at="2024-02-26T12:51:00 IST" duration-ms="6029">
      <class name="com.HomePage.CrossBrowserPage">
        <test-method is-config="true" signature="setup(java.lang.String)[pri:0, instance:com.HomePage.CrossBrowserPage@f09733f]" started-at="2024-02-26T12:50:54 IST" name="setup" finished-at="2024-02-26T12:50:55 IST" duration-ms="1770" status="PASS">
          <params>
            <param index="0">
              <value>
                <![CDATA[chrome]]>
              </value>
            </param>
          </params>
          <reporter-output>
          </reporter-output>
        </test-method> <!-- setup -->
        <test-method signature="testApplication(java.lang.String)[pri:0, instance:com.HomePage.CrossBrowserPage@f09733f]" started-at="2024-02-26T12:50:55 IST" name="testApplication" finished-at="2024-02-26T12:51:00 IST" duration-ms="4218" status="PASS">
          <params>
            <param index="0">
              <value>
                <![CDATA[chrome]]>
              </value>
            </param>
          </params>
          <reporter-output>
          </reporter-output>
        </test-method> <!-- testApplication -->
      </class> <!-- com.HomePage.CrossBrowserPage -->
    </test> <!-- ChromeTest -->
    <test started-at="2024-02-26T12:51:00 IST" name="FirefoxTest" finished-at="2024-02-26T12:51:08 IST" duration-ms="8628">
      <class name="com.HomePage.CrossBrowserPage">
        <test-method is-config="true" signature="setup(java.lang.String)[pri:0, instance:com.HomePage.CrossBrowserPage@606e4010]" started-at="2024-02-26T12:51:00 IST" name="setup" finished-at="2024-02-26T12:51:04 IST" duration-ms="4286" status="PASS">
          <params>
            <param index="0">
              <value>
                <![CDATA[firefox]]>
              </value>
            </param>
          </params>
          <reporter-output>
          </reporter-output>
        </test-method> <!-- setup -->
        <test-method signature="testApplication(java.lang.String)[pri:0, instance:com.HomePage.CrossBrowserPage@606e4010]" started-at="2024-02-26T12:51:04 IST" name="testApplication" finished-at="2024-02-26T12:51:08 IST" duration-ms="4338" status="PASS">
          <params>
            <param index="0">
              <value>
                <![CDATA[firefox]]>
              </value>
            </param>
          </params>
          <reporter-output>
          </reporter-output>
        </test-method> <!-- testApplication -->
      </class> <!-- com.HomePage.CrossBrowserPage -->
    </test> <!-- FirefoxTest -->
  </suite> <!-- CrossBrowserTestSuite -->
</testng-results>
