<?xml version="1.0" encoding="UTF-8"?>
<testng-results ignored="0" total="47" passed="40" failed="7" skipped="0">
  <reporter-output>
  </reporter-output>
  <suite started-at="2024-06-24T18:12:14 IST" name="Suite" finished-at="2024-06-24T18:14:55 IST" duration-ms="161016">
    <groups>
    </groups>
    <test started-at="2024-06-24T18:12:14 IST" name="Test" finished-at="2024-06-24T18:14:55 IST" duration-ms="161016">
      <class name="Com.TrusteeModuleTest.SellerStatus_SellerPayoutsPageTest">
        <test-method signature="VerifyCommissionEarnedDsipaly()[pri:22, instance:Com.TrusteeModuleTest.SellerStatus_SellerPayoutsPageTest@433defed]" started-at="2024-06-24T18:13:37 IST" name="VerifyCommissionEarnedDsipaly" finished-at="2024-06-24T18:13:45 IST" duration-ms="8246" status="PASS">
          <reporter-output>
          </reporter-output>
        </test-method> <!-- VerifyCommissionEarnedDsipaly -->
        <test-method signature="Verifypreviousandnextbuttons()[pri:23, instance:Com.TrusteeModuleTest.SellerStatus_SellerPayoutsPageTest@433defed]" started-at="2024-06-24T18:13:45 IST" name="Verifypreviousandnextbuttons" finished-at="2024-06-24T18:13:47 IST" duration-ms="2065" status="PASS">
          <reporter-output>
          </reporter-output>
        </test-method> <!-- Verifypreviousandnextbuttons -->
        <test-method signature="AllTextDisplay()[pri:24, instance:Com.TrusteeModuleTest.SellerStatus_SellerPayoutsPageTest@433defed]" started-at="2024-06-24T18:13:47 IST" name="AllTextDisplay" finished-at="2024-06-24T18:13:49 IST" duration-ms="2069" status="PASS">
          <reporter-output>
          </reporter-output>
        </test-method> <!-- AllTextDisplay -->
        <test-method signature="NoProductDisplay()[pri:25, instance:Com.TrusteeModuleTest.SellerStatus_SellerPayoutsPageTest@433defed]" started-at="2024-06-24T18:13:49 IST" name="NoProductDisplay" finished-at="2024-06-24T18:13:51 IST" duration-ms="2075" status="PASS">
          <reporter-output>
          </reporter-output>
        </test-method> <!-- NoProductDisplay -->
      </class> <!-- Com.TrusteeModuleTest.SellerStatus_SellerPayoutsPageTest -->
      <class name="Com.TrusteeModuleTest.SellerStatus_ApprovalPendingPageTest">
        <test-method signature="VerifyCommissionEarnedDsipaly()[pri:14, instance:Com.TrusteeModuleTest.SellerStatus_ApprovalPendingPageTest@1040be71]" started-at="2024-06-24T18:13:10 IST" name="VerifyCommissionEarnedDsipaly" finished-at="2024-06-24T18:13:18 IST" duration-ms="8349" status="PASS">
          <reporter-output>
          </reporter-output>
        </test-method> <!-- VerifyCommissionEarnedDsipaly -->
        <test-method signature="Verifypreviousandnextbuttons()[pri:15, instance:Com.TrusteeModuleTest.SellerStatus_ApprovalPendingPageTest@1040be71]" started-at="2024-06-24T18:13:18 IST" name="Verifypreviousandnextbuttons" finished-at="2024-06-24T18:13:20 IST" duration-ms="2086" status="PASS">
          <reporter-output>
          </reporter-output>
        </test-method> <!-- Verifypreviousandnextbuttons -->
        <test-method signature="AllTextDisplay()[pri:16, instance:Com.TrusteeModuleTest.SellerStatus_ApprovalPendingPageTest@1040be71]" started-at="2024-06-24T18:13:20 IST" name="AllTextDisplay" finished-at="2024-06-24T18:13:22 IST" duration-ms="2086" status="PASS">
          <reporter-output>
          </reporter-output>
        </test-method> <!-- AllTextDisplay -->
        <test-method signature="NoProductDisplay()[pri:17, instance:Com.TrusteeModuleTest.SellerStatus_ApprovalPendingPageTest@1040be71]" started-at="2024-06-24T18:13:22 IST" name="NoProductDisplay" finished-at="2024-06-24T18:13:25 IST" duration-ms="2081" status="PASS">
          <reporter-output>
          </reporter-output>
        </test-method> <!-- NoProductDisplay -->
      </class> <!-- Com.TrusteeModuleTest.SellerStatus_ApprovalPendingPageTest -->
      <class name="Com.TrusteeModuleTest.CommissionPageTest">
        <test-method signature="VerifyCommissionEarnedDsipaly()[pri:44, instance:Com.TrusteeModuleTest.CommissionPageTest@4ddbbdf8]" started-at="2024-06-24T18:14:44 IST" name="VerifyCommissionEarnedDsipaly" finished-at="2024-06-24T18:14:49 IST" duration-ms="4209" status="PASS">
          <reporter-output>
          </reporter-output>
        </test-method> <!-- VerifyCommissionEarnedDsipaly -->
        <test-method signature="Verifypreviousandnextbuttons()[pri:45, instance:Com.TrusteeModuleTest.CommissionPageTest@4ddbbdf8]" started-at="2024-06-24T18:14:49 IST" name="Verifypreviousandnextbuttons" finished-at="2024-06-24T18:14:51 IST" duration-ms="2058" status="PASS">
          <reporter-output>
          </reporter-output>
        </test-method> <!-- Verifypreviousandnextbuttons -->
        <test-method signature="AllTextDisplay()[pri:46, instance:Com.TrusteeModuleTest.CommissionPageTest@4ddbbdf8]" started-at="2024-06-24T18:14:51 IST" name="AllTextDisplay" finished-at="2024-06-24T18:14:53 IST" duration-ms="2072" status="PASS">
          <reporter-output>
          </reporter-output>
        </test-method> <!-- AllTextDisplay -->
        <test-method signature="NoProductDisplay()[pri:47, instance:Com.TrusteeModuleTest.CommissionPageTest@4ddbbdf8]" started-at="2024-06-24T18:14:53 IST" name="NoProductDisplay" finished-at="2024-06-24T18:14:55 IST" duration-ms="2081" status="PASS">
          <reporter-output>
          </reporter-output>
        </test-method> <!-- NoProductDisplay -->
      </class> <!-- Com.TrusteeModuleTest.CommissionPageTest -->
      <class name="Com.TrusteeModuleTest.SellerStatus_PendingGoldDepositsPageTest">
        <test-method signature="VerifyCommissionEarnedDsipaly()[pri:18, instance:Com.TrusteeModuleTest.SellerStatus_PendingGoldDepositsPageTest@548a24a]" started-at="2024-06-24T18:13:25 IST" name="VerifyCommissionEarnedDsipaly" finished-at="2024-06-24T18:13:31 IST" duration-ms="6212" status="FAIL">
          <exception class="org.openqa.selenium.ElementNotInteractableException">
            <message>
              <![CDATA[element not interactable
  (Session info: chrome=126.0.6478.63)
Build info: version: '4.14.1', revision: '03f8ede370'
System info: os.name: 'Windows 10', os.arch: 'amd64', os.version: '10.0', java.version: '17.0.7'
Driver info: org.openqa.selenium.chrome.ChromeDriver
Command: [fffd88410c46f70cd45f087c772e9871, clickElement {id=f.E90A451E9A65AF3043E659635D774734.d.ECD10084334C8EB34776561C43482F2F.e.59}]
Capabilities {acceptInsecureCerts: false, browserName: chrome, browserVersion: 126.0.6478.63, chrome: {chromedriverVersion: 126.0.6478.63 (df799988fdc9..., userDataDir: C:\Users\admin\AppData\Loca...}, fedcm:accounts: true, goog:chromeOptions: {debuggerAddress: localhost:58418}, networkConnectionEnabled: false, pageLoadStrategy: normal, platformName: windows, proxy: Proxy(), se:cdp: ws://localhost:58418/devtoo..., se:cdpVersion: 126.0.6478.63, setWindowRect: true, strictFileInteractability: false, timeouts: {implicit: 0, pageLoad: 300000, script: 30000}, unhandledPromptBehavior: dismiss and notify, webauthn:extension:credBlob: true, webauthn:extension:largeBlob: true, webauthn:extension:minPinLength: true, webauthn:extension:prf: true, webauthn:virtualAuthenticators: true}
Element: [[ChromeDriver: chrome on windows (fffd88410c46f70cd45f087c772e9871)] -> xpath: //span[normalize-space()='Pending Gold Deposits']]
Session ID: fffd88410c46f70cd45f087c772e9871]]>
            </message>
            <full-stacktrace>
              <![CDATA[org.openqa.selenium.ElementNotInteractableException: element not interactable
  (Session info: chrome=126.0.6478.63)
Build info: version: '4.14.1', revision: '03f8ede370'
System info: os.name: 'Windows 10', os.arch: 'amd64', os.version: '10.0', java.version: '17.0.7'
Driver info: org.openqa.selenium.chrome.ChromeDriver
Command: [fffd88410c46f70cd45f087c772e9871, clickElement {id=f.E90A451E9A65AF3043E659635D774734.d.ECD10084334C8EB34776561C43482F2F.e.59}]
Capabilities {acceptInsecureCerts: false, browserName: chrome, browserVersion: 126.0.6478.63, chrome: {chromedriverVersion: 126.0.6478.63 (df799988fdc9..., userDataDir: C:\Users\admin\AppData\Loca...}, fedcm:accounts: true, goog:chromeOptions: {debuggerAddress: localhost:58418}, networkConnectionEnabled: false, pageLoadStrategy: normal, platformName: windows, proxy: Proxy(), se:cdp: ws://localhost:58418/devtoo..., se:cdpVersion: 126.0.6478.63, setWindowRect: true, strictFileInteractability: false, timeouts: {implicit: 0, pageLoad: 300000, script: 30000}, unhandledPromptBehavior: dismiss and notify, webauthn:extension:credBlob: true, webauthn:extension:largeBlob: true, webauthn:extension:minPinLength: true, webauthn:extension:prf: true, webauthn:virtualAuthenticators: true}
Element: [[ChromeDriver: chrome on windows (fffd88410c46f70cd45f087c772e9871)] -> xpath: //span[normalize-space()='Pending Gold Deposits']]
Session ID: fffd88410c46f70cd45f087c772e9871
at java.base/jdk.internal.reflect.NativeConstructorAccessorImpl.newInstance0(Native Method)
at java.base/jdk.internal.reflect.NativeConstructorAccessorImpl.newInstance(NativeConstructorAccessorImpl.java:77)
at java.base/jdk.internal.reflect.DelegatingConstructorAccessorImpl.newInstance(DelegatingConstructorAccessorImpl.java:45)
at java.base/java.lang.reflect.Constructor.newInstanceWithCaller(Constructor.java:499)
at java.base/java.lang.reflect.Constructor.newInstance(Constructor.java:480)
at org.openqa.selenium.remote.codec.w3c.W3CHttpResponseCodec.createException(W3CHttpResponseCodec.java:200)
at org.openqa.selenium.remote.codec.w3c.W3CHttpResponseCodec.decode(W3CHttpResponseCodec.java:133)
at org.openqa.selenium.remote.codec.w3c.W3CHttpResponseCodec.decode(W3CHttpResponseCodec.java:52)
at org.openqa.selenium.remote.HttpCommandExecutor.execute(HttpCommandExecutor.java:191)
at org.openqa.selenium.remote.service.DriverCommandExecutor.invokeExecute(DriverCommandExecutor.java:200)
at org.openqa.selenium.remote.service.DriverCommandExecutor.execute(DriverCommandExecutor.java:175)
at org.openqa.selenium.remote.RemoteWebDriver.execute(RemoteWebDriver.java:602)
at org.openqa.selenium.remote.RemoteWebElement.execute(RemoteWebElement.java:224)
at org.openqa.selenium.remote.RemoteWebElement.click(RemoteWebElement.java:77)
at java.base/jdk.internal.reflect.NativeMethodAccessorImpl.invoke0(Native Method)
at java.base/jdk.internal.reflect.NativeMethodAccessorImpl.invoke(NativeMethodAccessorImpl.java:77)
at java.base/jdk.internal.reflect.DelegatingMethodAccessorImpl.invoke(DelegatingMethodAccessorImpl.java:43)
at java.base/java.lang.reflect.Method.invoke(Method.java:568)
at org.openqa.selenium.support.pagefactory.internal.LocatingElementHandler.invoke(LocatingElementHandler.java:51)
at jdk.proxy2/jdk.proxy2.$Proxy12.click(Unknown Source)
at com.TrusteeModule.SellerStatus_PendingGoldDeposits.sellerStatusClick(SellerStatus_PendingGoldDeposits.java:40)
at Com.TrusteeModuleTest.SellerStatus_PendingGoldDepositsPageTest.VerifyCommissionEarnedDsipaly(SellerStatus_PendingGoldDepositsPageTest.java:22)
at java.base/jdk.internal.reflect.NativeMethodAccessorImpl.invoke0(Native Method)
at java.base/jdk.internal.reflect.NativeMethodAccessorImpl.invoke(NativeMethodAccessorImpl.java:77)
at java.base/jdk.internal.reflect.DelegatingMethodAccessorImpl.invoke(DelegatingMethodAccessorImpl.java:43)
at java.base/java.lang.reflect.Method.invoke(Method.java:568)
at org.testng.internal.invokers.MethodInvocationHelper.invokeMethod(MethodInvocationHelper.java:141)
at org.testng.internal.invokers.TestInvoker.invokeMethod(TestInvoker.java:686)
at org.testng.internal.invokers.TestInvoker.invokeTestMethod(TestInvoker.java:230)
at org.testng.internal.invokers.MethodRunner.runInSequence(MethodRunner.java:63)
at org.testng.internal.invokers.TestInvoker$MethodInvocationAgent.invoke(TestInvoker.java:992)
at org.testng.internal.invokers.TestInvoker.invokeTestMethods(TestInvoker.java:203)
at org.testng.internal.invokers.TestMethodWorker.invokeTestMethods(TestMethodWorker.java:154)
at org.testng.internal.invokers.TestMethodWorker.run(TestMethodWorker.java:134)
at java.base/java.util.ArrayList.forEach(ArrayList.java:1511)
at org.testng.TestRunner.privateRun(TestRunner.java:739)
at org.testng.TestRunner.run(TestRunner.java:614)
at org.testng.SuiteRunner.runTest(SuiteRunner.java:421)
at org.testng.SuiteRunner.runSequentially(SuiteRunner.java:413)
at org.testng.SuiteRunner.privateRun(SuiteRunner.java:373)
at org.testng.SuiteRunner.run(SuiteRunner.java:312)
at org.testng.SuiteRunnerWorker.runSuite(SuiteRunnerWorker.java:52)
at org.testng.SuiteRunnerWorker.run(SuiteRunnerWorker.java:95)
at org.testng.TestNG.runSuitesSequentially(TestNG.java:1274)
at org.testng.TestNG.runSuitesLocally(TestNG.java:1208)
at org.testng.TestNG.runSuites(TestNG.java:1112)
at org.testng.TestNG.run(TestNG.java:1079)
at org.testng.remote.AbstractRemoteTestNG.run(AbstractRemoteTestNG.java:115)
at org.testng.remote.RemoteTestNG.initAndRun(RemoteTestNG.java:293)
at org.testng.remote.RemoteTestNG.main(RemoteTestNG.java:91)
]]>
            </full-stacktrace>
          </exception> <!-- org.openqa.selenium.ElementNotInteractableException -->
          <reporter-output>
          </reporter-output>
        </test-method> <!-- VerifyCommissionEarnedDsipaly -->
        <test-method signature="Verifypreviousandnextbuttons()[pri:19, instance:Com.TrusteeModuleTest.SellerStatus_PendingGoldDepositsPageTest@548a24a]" started-at="2024-06-24T18:13:31 IST" name="Verifypreviousandnextbuttons" finished-at="2024-06-24T18:13:33 IST" duration-ms="2081" status="PASS">
          <reporter-output>
          </reporter-output>
        </test-method> <!-- Verifypreviousandnextbuttons -->
        <test-method signature="AllTextDisplay()[pri:20, instance:Com.TrusteeModuleTest.SellerStatus_PendingGoldDepositsPageTest@548a24a]" started-at="2024-06-24T18:13:33 IST" name="AllTextDisplay" finished-at="2024-06-24T18:13:35 IST" duration-ms="2087" status="PASS">
          <reporter-output>
          </reporter-output>
        </test-method> <!-- AllTextDisplay -->
        <test-method signature="NoProductDisplay()[pri:21, instance:Com.TrusteeModuleTest.SellerStatus_PendingGoldDepositsPageTest@548a24a]" started-at="2024-06-24T18:13:35 IST" name="NoProductDisplay" finished-at="2024-06-24T18:13:37 IST" duration-ms="2072" status="PASS">
          <reporter-output>
          </reporter-output>
        </test-method> <!-- NoProductDisplay -->
      </class> <!-- Com.TrusteeModuleTest.SellerStatus_PendingGoldDepositsPageTest -->
      <class name="Com.TrusteeModuleTest.TicketStatusPageTest">
        <test-method signature="testNoDataFoundVisibility()[pri:39, instance:Com.TrusteeModuleTest.TicketStatusPageTest@455b6df1]" started-at="2024-06-24T18:14:32 IST" name="testNoDataFoundVisibility" finished-at="2024-06-24T18:14:36 IST" duration-ms="4209" status="FAIL">
          <exception class="org.openqa.selenium.NoSuchElementException">
            <message>
              <![CDATA[no such element: Unable to locate element: {"method":"xpath","selector":"//p[@class='no-data-found']"}
  (Session info: chrome=126.0.6478.63)
For documentation on this error, please visit: https://www.selenium.dev/documentation/webdriver/troubleshooting/errors#no-such-element-exception
Build info: version: '4.14.1', revision: '03f8ede370'
System info: os.name: 'Windows 10', os.arch: 'amd64', os.version: '10.0', java.version: '17.0.7'
Driver info: org.openqa.selenium.chrome.ChromeDriver
Command: [fffd88410c46f70cd45f087c772e9871, findElement {using=xpath, value=//p[@class='no-data-found']}]
Capabilities {acceptInsecureCerts: false, browserName: chrome, browserVersion: 126.0.6478.63, chrome: {chromedriverVersion: 126.0.6478.63 (df799988fdc9..., userDataDir: C:\Users\admin\AppData\Loca...}, fedcm:accounts: true, goog:chromeOptions: {debuggerAddress: localhost:58418}, networkConnectionEnabled: false, pageLoadStrategy: normal, platformName: windows, proxy: Proxy(), se:cdp: ws://localhost:58418/devtoo..., se:cdpVersion: 126.0.6478.63, setWindowRect: true, strictFileInteractability: false, timeouts: {implicit: 0, pageLoad: 300000, script: 30000}, unhandledPromptBehavior: dismiss and notify, webauthn:extension:credBlob: true, webauthn:extension:largeBlob: true, webauthn:extension:minPinLength: true, webauthn:extension:prf: true, webauthn:virtualAuthenticators: true}
Session ID: fffd88410c46f70cd45f087c772e9871]]>
            </message>
            <full-stacktrace>
              <![CDATA[org.openqa.selenium.NoSuchElementException: no such element: Unable to locate element: {"method":"xpath","selector":"//p[@class='no-data-found']"}
  (Session info: chrome=126.0.6478.63)
For documentation on this error, please visit: https://www.selenium.dev/documentation/webdriver/troubleshooting/errors#no-such-element-exception
Build info: version: '4.14.1', revision: '03f8ede370'
System info: os.name: 'Windows 10', os.arch: 'amd64', os.version: '10.0', java.version: '17.0.7'
Driver info: org.openqa.selenium.chrome.ChromeDriver
Command: [fffd88410c46f70cd45f087c772e9871, findElement {using=xpath, value=//p[@class='no-data-found']}]
Capabilities {acceptInsecureCerts: false, browserName: chrome, browserVersion: 126.0.6478.63, chrome: {chromedriverVersion: 126.0.6478.63 (df799988fdc9..., userDataDir: C:\Users\admin\AppData\Loca...}, fedcm:accounts: true, goog:chromeOptions: {debuggerAddress: localhost:58418}, networkConnectionEnabled: false, pageLoadStrategy: normal, platformName: windows, proxy: Proxy(), se:cdp: ws://localhost:58418/devtoo..., se:cdpVersion: 126.0.6478.63, setWindowRect: true, strictFileInteractability: false, timeouts: {implicit: 0, pageLoad: 300000, script: 30000}, unhandledPromptBehavior: dismiss and notify, webauthn:extension:credBlob: true, webauthn:extension:largeBlob: true, webauthn:extension:minPinLength: true, webauthn:extension:prf: true, webauthn:virtualAuthenticators: true}
Session ID: fffd88410c46f70cd45f087c772e9871
at java.base/jdk.internal.reflect.NativeConstructorAccessorImpl.newInstance0(Native Method)
at java.base/jdk.internal.reflect.NativeConstructorAccessorImpl.newInstance(NativeConstructorAccessorImpl.java:77)
at java.base/jdk.internal.reflect.DelegatingConstructorAccessorImpl.newInstance(DelegatingConstructorAccessorImpl.java:45)
at java.base/java.lang.reflect.Constructor.newInstanceWithCaller(Constructor.java:499)
at java.base/java.lang.reflect.Constructor.newInstance(Constructor.java:480)
at org.openqa.selenium.remote.codec.w3c.W3CHttpResponseCodec.createException(W3CHttpResponseCodec.java:200)
at org.openqa.selenium.remote.codec.w3c.W3CHttpResponseCodec.decode(W3CHttpResponseCodec.java:133)
at org.openqa.selenium.remote.codec.w3c.W3CHttpResponseCodec.decode(W3CHttpResponseCodec.java:52)
at org.openqa.selenium.remote.HttpCommandExecutor.execute(HttpCommandExecutor.java:191)
at org.openqa.selenium.remote.service.DriverCommandExecutor.invokeExecute(DriverCommandExecutor.java:200)
at org.openqa.selenium.remote.service.DriverCommandExecutor.execute(DriverCommandExecutor.java:175)
at org.openqa.selenium.remote.RemoteWebDriver.execute(RemoteWebDriver.java:602)
at org.openqa.selenium.remote.ElementLocation$ElementFinder$2.findElement(ElementLocation.java:165)
at org.openqa.selenium.remote.ElementLocation.findElement(ElementLocation.java:59)
at org.openqa.selenium.remote.RemoteWebDriver.findElement(RemoteWebDriver.java:359)
at org.openqa.selenium.remote.RemoteWebDriver.findElement(RemoteWebDriver.java:353)
at org.openqa.selenium.support.pagefactory.DefaultElementLocator.findElement(DefaultElementLocator.java:68)
at org.openqa.selenium.support.pagefactory.internal.LocatingElementHandler.invoke(LocatingElementHandler.java:38)
at jdk.proxy2/jdk.proxy2.$Proxy12.isDisplayed(Unknown Source)
at com.ValuerModule.TicketStatusPage.isNoDataFoundDisplayed(TicketStatusPage.java:41)
at Com.TrusteeModuleTest.TicketStatusPageTest.testNoDataFoundVisibility(TicketStatusPageTest.java:20)
at java.base/jdk.internal.reflect.NativeMethodAccessorImpl.invoke0(Native Method)
at java.base/jdk.internal.reflect.NativeMethodAccessorImpl.invoke(NativeMethodAccessorImpl.java:77)
at java.base/jdk.internal.reflect.DelegatingMethodAccessorImpl.invoke(DelegatingMethodAccessorImpl.java:43)
at java.base/java.lang.reflect.Method.invoke(Method.java:568)
at org.testng.internal.invokers.MethodInvocationHelper.invokeMethod(MethodInvocationHelper.java:141)
at org.testng.internal.invokers.TestInvoker.invokeMethod(TestInvoker.java:686)
at org.testng.internal.invokers.TestInvoker.invokeTestMethod(TestInvoker.java:230)
at org.testng.internal.invokers.MethodRunner.runInSequence(MethodRunner.java:63)
at org.testng.internal.invokers.TestInvoker$MethodInvocationAgent.invoke(TestInvoker.java:992)
at org.testng.internal.invokers.TestInvoker.invokeTestMethods(TestInvoker.java:203)
at org.testng.internal.invokers.TestMethodWorker.invokeTestMethods(TestMethodWorker.java:154)
at org.testng.internal.invokers.TestMethodWorker.run(TestMethodWorker.java:134)
at java.base/java.util.ArrayList.forEach(ArrayList.java:1511)
at org.testng.TestRunner.privateRun(TestRunner.java:739)
at org.testng.TestRunner.run(TestRunner.java:614)
at org.testng.SuiteRunner.runTest(SuiteRunner.java:421)
at org.testng.SuiteRunner.runSequentially(SuiteRunner.java:413)
at org.testng.SuiteRunner.privateRun(SuiteRunner.java:373)
at org.testng.SuiteRunner.run(SuiteRunner.java:312)
at org.testng.SuiteRunnerWorker.runSuite(SuiteRunnerWorker.java:52)
at org.testng.SuiteRunnerWorker.run(SuiteRunnerWorker.java:95)
at org.testng.TestNG.runSuitesSequentially(TestNG.java:1274)
at org.testng.TestNG.runSuitesLocally(TestNG.java:1208)
at org.testng.TestNG.runSuites(TestNG.java:1112)
at org.testng.TestNG.run(TestNG.java:1079)
at org.testng.remote.AbstractRemoteTestNG.run(AbstractRemoteTestNG.java:115)
at org.testng.remote.RemoteTestNG.initAndRun(RemoteTestNG.java:293)
at org.testng.remote.RemoteTestNG.main(RemoteTestNG.java:91)
]]>
            </full-stacktrace>
          </exception> <!-- org.openqa.selenium.NoSuchElementException -->
          <reporter-output>
          </reporter-output>
        </test-method> <!-- testNoDataFoundVisibility -->
        <test-method signature="testTableTextVisibility()[pri:40, instance:Com.TrusteeModuleTest.TicketStatusPageTest@455b6df1]" started-at="2024-06-24T18:14:36 IST" name="testTableTextVisibility" finished-at="2024-06-24T18:14:38 IST" duration-ms="2065" status="PASS">
          <reporter-output>
          </reporter-output>
        </test-method> <!-- testTableTextVisibility -->
        <test-method signature="testRaisedTicketsTextVisibility()[pri:41, instance:Com.TrusteeModuleTest.TicketStatusPageTest@455b6df1]" started-at="2024-06-24T18:14:38 IST" name="testRaisedTicketsTextVisibility" finished-at="2024-06-24T18:14:40 IST" duration-ms="2058" status="PASS">
          <reporter-output>
          </reporter-output>
        </test-method> <!-- testRaisedTicketsTextVisibility -->
        <test-method signature="testPreviousAndNextVisibility()[pri:42, instance:Com.TrusteeModuleTest.TicketStatusPageTest@455b6df1]" started-at="2024-06-24T18:14:40 IST" name="testPreviousAndNextVisibility" finished-at="2024-06-24T18:14:42 IST" duration-ms="2054" status="PASS">
          <reporter-output>
          </reporter-output>
        </test-method> <!-- testPreviousAndNextVisibility -->
        <test-method signature="testSearchButtonVisibility()[pri:43, instance:Com.TrusteeModuleTest.TicketStatusPageTest@455b6df1]" started-at="2024-06-24T18:14:42 IST" name="testSearchButtonVisibility" finished-at="2024-06-24T18:14:44 IST" duration-ms="2072" status="PASS">
          <reporter-output>
          </reporter-output>
        </test-method> <!-- testSearchButtonVisibility -->
      </class> <!-- Com.TrusteeModuleTest.TicketStatusPageTest -->
      <class name="Com.TrusteeModuleTest.RaiseTicketPageTest">
        <test-method signature="SubmitbuttonDisplay()[pri:34, instance:Com.TrusteeModuleTest.RaiseTicketPageTest@20c0a64d]" started-at="2024-06-24T18:14:18 IST" name="SubmitbuttonDisplay" finished-at="2024-06-24T18:14:21 IST" duration-ms="2407" status="PASS">
          <reporter-output>
          </reporter-output>
        </test-method> <!-- SubmitbuttonDisplay -->
        <test-method signature="ReportanIssueDisplay()[pri:35, instance:Com.TrusteeModuleTest.RaiseTicketPageTest@20c0a64d]" started-at="2024-06-24T18:14:21 IST" name="ReportanIssueDisplay" finished-at="2024-06-24T18:14:23 IST" duration-ms="2217" status="PASS">
          <reporter-output>
          </reporter-output>
        </test-method> <!-- ReportanIssueDisplay -->
        <test-method signature="TextBoxDisplay()[pri:36, instance:Com.TrusteeModuleTest.RaiseTicketPageTest@20c0a64d]" started-at="2024-06-24T18:14:23 IST" name="TextBoxDisplay" finished-at="2024-06-24T18:14:25 IST" duration-ms="2201" status="PASS">
          <reporter-output>
          </reporter-output>
        </test-method> <!-- TextBoxDisplay -->
        <test-method signature="VerifyLessThen30CharErrormsgdisplay()[pri:37, instance:Com.TrusteeModuleTest.RaiseTicketPageTest@20c0a64d]" started-at="2024-06-24T18:14:25 IST" name="VerifyLessThen30CharErrormsgdisplay" finished-at="2024-06-24T18:14:30 IST" duration-ms="4308" status="PASS">
          <reporter-output>
          </reporter-output>
        </test-method> <!-- VerifyLessThen30CharErrormsgdisplay -->
        <test-method signature="submitbuttonenabled30char()[pri:38, instance:Com.TrusteeModuleTest.RaiseTicketPageTest@20c0a64d]" started-at="2024-06-24T18:14:30 IST" name="submitbuttonenabled30char" finished-at="2024-06-24T18:14:32 IST" duration-ms="2284" status="PASS">
          <reporter-output>
          </reporter-output>
        </test-method> <!-- submitbuttonenabled30char -->
        <test-method is-config="true" signature="tearDown()[pri:0, instance:Com.TrusteeModuleTest.RaiseTicketPageTest@20c0a64d]" started-at="2024-06-24T18:14:55 IST" name="tearDown" finished-at="2024-06-24T18:14:55 IST" duration-ms="537" status="PASS">
          <reporter-output>
          </reporter-output>
        </test-method> <!-- tearDown -->
      </class> <!-- Com.TrusteeModuleTest.RaiseTicketPageTest -->
      <class name="Com.TrusteeModuleTest.BuyerStatus_PendingPickupAndDepositPageTest">
        <test-method signature="VerifyCommissionEarnedDsipaly()[pri:26, instance:Com.TrusteeModuleTest.BuyerStatus_PendingPickupAndDepositPageTest@2a693f59]" started-at="2024-06-24T18:13:51 IST" name="VerifyCommissionEarnedDsipaly" finished-at="2024-06-24T18:14:00 IST" duration-ms="8324" status="PASS">
          <reporter-output>
          </reporter-output>
        </test-method> <!-- VerifyCommissionEarnedDsipaly -->
        <test-method signature="Verifypreviousandnextbuttons()[pri:27, instance:Com.TrusteeModuleTest.BuyerStatus_PendingPickupAndDepositPageTest@2a693f59]" started-at="2024-06-24T18:14:00 IST" name="Verifypreviousandnextbuttons" finished-at="2024-06-24T18:14:02 IST" duration-ms="2076" status="PASS">
          <reporter-output>
          </reporter-output>
        </test-method> <!-- Verifypreviousandnextbuttons -->
        <test-method signature="AllTextDisplay()[pri:28, instance:Com.TrusteeModuleTest.BuyerStatus_PendingPickupAndDepositPageTest@2a693f59]" started-at="2024-06-24T18:14:02 IST" name="AllTextDisplay" finished-at="2024-06-24T18:14:04 IST" duration-ms="2078" status="PASS">
          <reporter-output>
          </reporter-output>
        </test-method> <!-- AllTextDisplay -->
        <test-method signature="NoProductDisplay()[pri:29, instance:Com.TrusteeModuleTest.BuyerStatus_PendingPickupAndDepositPageTest@2a693f59]" started-at="2024-06-24T18:14:04 IST" name="NoProductDisplay" finished-at="2024-06-24T18:14:06 IST" duration-ms="2065" status="PASS">
          <reporter-output>
          </reporter-output>
        </test-method> <!-- NoProductDisplay -->
      </class> <!-- Com.TrusteeModuleTest.BuyerStatus_PendingPickupAndDepositPageTest -->
      <class name="Com.TrusteeModuleTest.DashboardPageTest">
        <test-method is-config="true" signature="setup()[pri:0, instance:Com.TrusteeModuleTest.DashboardPageTest@302c971f]" started-at="2024-06-24T18:12:14 IST" name="setup" finished-at="2024-06-24T18:12:22 IST" duration-ms="8559" status="PASS">
          <reporter-output>
          </reporter-output>
        </test-method> <!-- setup -->
        <test-method signature="testPageLoad()[pri:1, instance:Com.TrusteeModuleTest.DashboardPageTest@302c971f]" started-at="2024-06-24T18:12:22 IST" name="testPageLoad" finished-at="2024-06-24T18:12:31 IST" duration-ms="8746" status="FAIL">
          <exception class="java.lang.NullPointerException">
            <message>
              <![CDATA[Cannot invoke "org.openqa.selenium.WebDriver.getTitle()" because "this.driver" is null]]>
            </message>
            <full-stacktrace>
              <![CDATA[java.lang.NullPointerException: Cannot invoke "org.openqa.selenium.WebDriver.getTitle()" because "this.driver" is null
at com.TrusteeModule.DashboardPage.getTitle(DashboardPage.java:74)
at Com.TrusteeModuleTest.DashboardPageTest.testPageLoad(DashboardPageTest.java:26)
at java.base/jdk.internal.reflect.NativeMethodAccessorImpl.invoke0(Native Method)
at java.base/jdk.internal.reflect.NativeMethodAccessorImpl.invoke(NativeMethodAccessorImpl.java:77)
at java.base/jdk.internal.reflect.DelegatingMethodAccessorImpl.invoke(DelegatingMethodAccessorImpl.java:43)
at java.base/java.lang.reflect.Method.invoke(Method.java:568)
at org.testng.internal.invokers.MethodInvocationHelper.invokeMethod(MethodInvocationHelper.java:141)
at org.testng.internal.invokers.TestInvoker.invokeMethod(TestInvoker.java:686)
at org.testng.internal.invokers.TestInvoker.invokeTestMethod(TestInvoker.java:230)
at org.testng.internal.invokers.MethodRunner.runInSequence(MethodRunner.java:63)
at org.testng.internal.invokers.TestInvoker$MethodInvocationAgent.invoke(TestInvoker.java:992)
at org.testng.internal.invokers.TestInvoker.invokeTestMethods(TestInvoker.java:203)
at org.testng.internal.invokers.TestMethodWorker.invokeTestMethods(TestMethodWorker.java:154)
at org.testng.internal.invokers.TestMethodWorker.run(TestMethodWorker.java:134)
at java.base/java.util.ArrayList.forEach(ArrayList.java:1511)
at org.testng.TestRunner.privateRun(TestRunner.java:739)
at org.testng.TestRunner.run(TestRunner.java:614)
at org.testng.SuiteRunner.runTest(SuiteRunner.java:421)
at org.testng.SuiteRunner.runSequentially(SuiteRunner.java:413)
at org.testng.SuiteRunner.privateRun(SuiteRunner.java:373)
at org.testng.SuiteRunner.run(SuiteRunner.java:312)
at org.testng.SuiteRunnerWorker.runSuite(SuiteRunnerWorker.java:52)
at org.testng.SuiteRunnerWorker.run(SuiteRunnerWorker.java:95)
at org.testng.TestNG.runSuitesSequentially(TestNG.java:1274)
at org.testng.TestNG.runSuitesLocally(TestNG.java:1208)
at org.testng.TestNG.runSuites(TestNG.java:1112)
at org.testng.TestNG.run(TestNG.java:1079)
at org.testng.remote.AbstractRemoteTestNG.run(AbstractRemoteTestNG.java:115)
at org.testng.remote.RemoteTestNG.initAndRun(RemoteTestNG.java:293)
at org.testng.remote.RemoteTestNG.main(RemoteTestNG.java:91)
]]>
            </full-stacktrace>
          </exception> <!-- java.lang.NullPointerException -->
          <reporter-output>
          </reporter-output>
        </test-method> <!-- testPageLoad -->
        <test-method signature="testInitialStateOverviewTiles()[pri:2, instance:Com.TrusteeModuleTest.DashboardPageTest@302c971f]" started-at="2024-06-24T18:12:31 IST" name="testInitialStateOverviewTiles" finished-at="2024-06-24T18:12:34 IST" duration-ms="3011" status="FAIL">
          <exception class="java.lang.NullPointerException">
            <message>
              <![CDATA[Cannot invoke "org.openqa.selenium.WebDriver.findElement(org.openqa.selenium.By)" because "this.driver" is null]]>
            </message>
            <full-stacktrace>
              <![CDATA[java.lang.NullPointerException: Cannot invoke "org.openqa.selenium.WebDriver.findElement(org.openqa.selenium.By)" because "this.driver" is null
at com.TrusteeModule.DashboardPage.getWaitingForSellerProductApproval(DashboardPage.java:79)
at Com.TrusteeModuleTest.DashboardPageTest.testInitialStateOverviewTiles(DashboardPageTest.java:35)
at java.base/jdk.internal.reflect.NativeMethodAccessorImpl.invoke0(Native Method)
at java.base/jdk.internal.reflect.NativeMethodAccessorImpl.invoke(NativeMethodAccessorImpl.java:77)
at java.base/jdk.internal.reflect.DelegatingMethodAccessorImpl.invoke(DelegatingMethodAccessorImpl.java:43)
at java.base/java.lang.reflect.Method.invoke(Method.java:568)
at org.testng.internal.invokers.MethodInvocationHelper.invokeMethod(MethodInvocationHelper.java:141)
at org.testng.internal.invokers.TestInvoker.invokeMethod(TestInvoker.java:686)
at org.testng.internal.invokers.TestInvoker.invokeTestMethod(TestInvoker.java:230)
at org.testng.internal.invokers.MethodRunner.runInSequence(MethodRunner.java:63)
at org.testng.internal.invokers.TestInvoker$MethodInvocationAgent.invoke(TestInvoker.java:992)
at org.testng.internal.invokers.TestInvoker.invokeTestMethods(TestInvoker.java:203)
at org.testng.internal.invokers.TestMethodWorker.invokeTestMethods(TestMethodWorker.java:154)
at org.testng.internal.invokers.TestMethodWorker.run(TestMethodWorker.java:134)
at java.base/java.util.ArrayList.forEach(ArrayList.java:1511)
at org.testng.TestRunner.privateRun(TestRunner.java:739)
at org.testng.TestRunner.run(TestRunner.java:614)
at org.testng.SuiteRunner.runTest(SuiteRunner.java:421)
at org.testng.SuiteRunner.runSequentially(SuiteRunner.java:413)
at org.testng.SuiteRunner.privateRun(SuiteRunner.java:373)
at org.testng.SuiteRunner.run(SuiteRunner.java:312)
at org.testng.SuiteRunnerWorker.runSuite(SuiteRunnerWorker.java:52)
at org.testng.SuiteRunnerWorker.run(SuiteRunnerWorker.java:95)
at org.testng.TestNG.runSuitesSequentially(TestNG.java:1274)
at org.testng.TestNG.runSuitesLocally(TestNG.java:1208)
at org.testng.TestNG.runSuites(TestNG.java:1112)
at org.testng.TestNG.run(TestNG.java:1079)
at org.testng.remote.AbstractRemoteTestNG.run(AbstractRemoteTestNG.java:115)
at org.testng.remote.RemoteTestNG.initAndRun(RemoteTestNG.java:293)
at org.testng.remote.RemoteTestNG.main(RemoteTestNG.java:91)
]]>
            </full-stacktrace>
          </exception> <!-- java.lang.NullPointerException -->
          <reporter-output>
          </reporter-output>
        </test-method> <!-- testInitialStateOverviewTiles -->
        <test-method signature="testLiveGoldPricesDisplay()[pri:3, instance:Com.TrusteeModuleTest.DashboardPageTest@302c971f]" started-at="2024-06-24T18:12:34 IST" name="testLiveGoldPricesDisplay" finished-at="2024-06-24T18:12:37 IST" duration-ms="3017" status="FAIL">
          <exception class="java.lang.NullPointerException">
            <message>
              <![CDATA[Cannot invoke "org.openqa.selenium.WebDriver.findElement(org.openqa.selenium.By)" because "this.driver" is null]]>
            </message>
            <full-stacktrace>
              <![CDATA[java.lang.NullPointerException: Cannot invoke "org.openqa.selenium.WebDriver.findElement(org.openqa.selenium.By)" because "this.driver" is null
at com.TrusteeModule.DashboardPage.isLivePrice24kDisplayed(DashboardPage.java:114)
at Com.TrusteeModuleTest.DashboardPageTest.testLiveGoldPricesDisplay(DashboardPageTest.java:63)
at java.base/jdk.internal.reflect.NativeMethodAccessorImpl.invoke0(Native Method)
at java.base/jdk.internal.reflect.NativeMethodAccessorImpl.invoke(NativeMethodAccessorImpl.java:77)
at java.base/jdk.internal.reflect.DelegatingMethodAccessorImpl.invoke(DelegatingMethodAccessorImpl.java:43)
at java.base/java.lang.reflect.Method.invoke(Method.java:568)
at org.testng.internal.invokers.MethodInvocationHelper.invokeMethod(MethodInvocationHelper.java:141)
at org.testng.internal.invokers.TestInvoker.invokeMethod(TestInvoker.java:686)
at org.testng.internal.invokers.TestInvoker.invokeTestMethod(TestInvoker.java:230)
at org.testng.internal.invokers.MethodRunner.runInSequence(MethodRunner.java:63)
at org.testng.internal.invokers.TestInvoker$MethodInvocationAgent.invoke(TestInvoker.java:992)
at org.testng.internal.invokers.TestInvoker.invokeTestMethods(TestInvoker.java:203)
at org.testng.internal.invokers.TestMethodWorker.invokeTestMethods(TestMethodWorker.java:154)
at org.testng.internal.invokers.TestMethodWorker.run(TestMethodWorker.java:134)
at java.base/java.util.ArrayList.forEach(ArrayList.java:1511)
at org.testng.TestRunner.privateRun(TestRunner.java:739)
at org.testng.TestRunner.run(TestRunner.java:614)
at org.testng.SuiteRunner.runTest(SuiteRunner.java:421)
at org.testng.SuiteRunner.runSequentially(SuiteRunner.java:413)
at org.testng.SuiteRunner.privateRun(SuiteRunner.java:373)
at org.testng.SuiteRunner.run(SuiteRunner.java:312)
at org.testng.SuiteRunnerWorker.runSuite(SuiteRunnerWorker.java:52)
at org.testng.SuiteRunnerWorker.run(SuiteRunnerWorker.java:95)
at org.testng.TestNG.runSuitesSequentially(TestNG.java:1274)
at org.testng.TestNG.runSuitesLocally(TestNG.java:1208)
at org.testng.TestNG.runSuites(TestNG.java:1112)
at org.testng.TestNG.run(TestNG.java:1079)
at org.testng.remote.AbstractRemoteTestNG.run(AbstractRemoteTestNG.java:115)
at org.testng.remote.RemoteTestNG.initAndRun(RemoteTestNG.java:293)
at org.testng.remote.RemoteTestNG.main(RemoteTestNG.java:91)
]]>
            </full-stacktrace>
          </exception> <!-- java.lang.NullPointerException -->
          <reporter-output>
          </reporter-output>
        </test-method> <!-- testLiveGoldPricesDisplay -->
        <test-method signature="testTilesClickable()[pri:4, instance:Com.TrusteeModuleTest.DashboardPageTest@302c971f]" started-at="2024-06-24T18:12:37 IST" name="testTilesClickable" finished-at="2024-06-24T18:12:39 IST" duration-ms="2017" status="FAIL">
          <exception class="java.lang.NullPointerException">
            <message>
              <![CDATA[Cannot invoke "org.openqa.selenium.WebDriver.findElement(org.openqa.selenium.By)" because "this.driver" is null]]>
            </message>
            <full-stacktrace>
              <![CDATA[java.lang.NullPointerException: Cannot invoke "org.openqa.selenium.WebDriver.findElement(org.openqa.selenium.By)" because "this.driver" is null
at com.TrusteeModule.DashboardPage.isWaitingForSellerProductApprovalClickable(DashboardPage.java:124)
at Com.TrusteeModuleTest.DashboardPageTest.testTilesClickable(DashboardPageTest.java:78)
at java.base/jdk.internal.reflect.NativeMethodAccessorImpl.invoke0(Native Method)
at java.base/jdk.internal.reflect.NativeMethodAccessorImpl.invoke(NativeMethodAccessorImpl.java:77)
at java.base/jdk.internal.reflect.DelegatingMethodAccessorImpl.invoke(DelegatingMethodAccessorImpl.java:43)
at java.base/java.lang.reflect.Method.invoke(Method.java:568)
at org.testng.internal.invokers.MethodInvocationHelper.invokeMethod(MethodInvocationHelper.java:141)
at org.testng.internal.invokers.TestInvoker.invokeMethod(TestInvoker.java:686)
at org.testng.internal.invokers.TestInvoker.invokeTestMethod(TestInvoker.java:230)
at org.testng.internal.invokers.MethodRunner.runInSequence(MethodRunner.java:63)
at org.testng.internal.invokers.TestInvoker$MethodInvocationAgent.invoke(TestInvoker.java:992)
at org.testng.internal.invokers.TestInvoker.invokeTestMethods(TestInvoker.java:203)
at org.testng.internal.invokers.TestMethodWorker.invokeTestMethods(TestMethodWorker.java:154)
at org.testng.internal.invokers.TestMethodWorker.run(TestMethodWorker.java:134)
at java.base/java.util.ArrayList.forEach(ArrayList.java:1511)
at org.testng.TestRunner.privateRun(TestRunner.java:739)
at org.testng.TestRunner.run(TestRunner.java:614)
at org.testng.SuiteRunner.runTest(SuiteRunner.java:421)
at org.testng.SuiteRunner.runSequentially(SuiteRunner.java:413)
at org.testng.SuiteRunner.privateRun(SuiteRunner.java:373)
at org.testng.SuiteRunner.run(SuiteRunner.java:312)
at org.testng.SuiteRunnerWorker.runSuite(SuiteRunnerWorker.java:52)
at org.testng.SuiteRunnerWorker.run(SuiteRunnerWorker.java:95)
at org.testng.TestNG.runSuitesSequentially(TestNG.java:1274)
at org.testng.TestNG.runSuitesLocally(TestNG.java:1208)
at org.testng.TestNG.runSuites(TestNG.java:1112)
at org.testng.TestNG.run(TestNG.java:1079)
at org.testng.remote.AbstractRemoteTestNG.run(AbstractRemoteTestNG.java:115)
at org.testng.remote.RemoteTestNG.initAndRun(RemoteTestNG.java:293)
at org.testng.remote.RemoteTestNG.main(RemoteTestNG.java:91)
]]>
            </full-stacktrace>
          </exception> <!-- java.lang.NullPointerException -->
          <reporter-output>
          </reporter-output>
        </test-method> <!-- testTilesClickable -->
        <test-method signature="verifyDashboardProductClickable()[pri:5, instance:Com.TrusteeModuleTest.DashboardPageTest@302c971f]" started-at="2024-06-24T18:12:39 IST" name="verifyDashboardProductClickable" finished-at="2024-06-24T18:12:41 IST" duration-ms="2222" status="PASS">
          <reporter-output>
          </reporter-output>
        </test-method> <!-- verifyDashboardProductClickable -->
        <test-method signature="verifyissideMenuSellerApprovalPendingButtonClickableClickable()[pri:6, instance:Com.TrusteeModuleTest.DashboardPageTest@302c971f]" started-at="2024-06-24T18:12:41 IST" name="verifyissideMenuSellerApprovalPendingButtonClickableClickable" finished-at="2024-06-24T18:12:48 IST" duration-ms="6307" status="PASS">
          <reporter-output>
          </reporter-output>
        </test-method> <!-- verifyissideMenuSellerApprovalPendingButtonClickableClickable -->
        <test-method signature="issideMenuSellerPendingGoldDepositsButtonClickable()[pri:7, instance:Com.TrusteeModuleTest.DashboardPageTest@302c971f]" started-at="2024-06-24T18:12:48 IST" name="issideMenuSellerPendingGoldDepositsButtonClickable" finished-at="2024-06-24T18:12:51 IST" duration-ms="3163" status="PASS">
          <reporter-output>
          </reporter-output>
        </test-method> <!-- issideMenuSellerPendingGoldDepositsButtonClickable -->
        <test-method signature="issideMenuSellerPayoutsButtonClickable()[pri:8, instance:Com.TrusteeModuleTest.DashboardPageTest@302c971f]" started-at="2024-06-24T18:12:51 IST" name="issideMenuSellerPayoutsButtonClickable" finished-at="2024-06-24T18:12:54 IST" duration-ms="3157" status="PASS">
          <reporter-output>
          </reporter-output>
        </test-method> <!-- issideMenuSellerPayoutsButtonClickable -->
        <test-method signature="issideMenuBuyerStatusButtonClickable()[pri:9, instance:Com.TrusteeModuleTest.DashboardPageTest@302c971f]" started-at="2024-06-24T18:12:54 IST" name="issideMenuBuyerStatusButtonClickable" finished-at="2024-06-24T18:12:57 IST" duration-ms="3173" status="PASS">
          <reporter-output>
          </reporter-output>
        </test-method> <!-- issideMenuBuyerStatusButtonClickable -->
        <test-method signature="issideMenuBuyerStatusPendingPickupAndDepositButtonClickable()[pri:10, instance:Com.TrusteeModuleTest.DashboardPageTest@302c971f]" started-at="2024-06-24T18:12:57 IST" name="issideMenuBuyerStatusPendingPickupAndDepositButtonClickable" finished-at="2024-06-24T18:13:00 IST" duration-ms="3213" status="PASS">
          <reporter-output>
          </reporter-output>
        </test-method> <!-- issideMenuBuyerStatusPendingPickupAndDepositButtonClickable -->
        <test-method signature="issideMenuBuyerStatusDeleveredProductsClickable()[pri:11, instance:Com.TrusteeModuleTest.DashboardPageTest@302c971f]" started-at="2024-06-24T18:13:00 IST" name="issideMenuBuyerStatusDeleveredProductsClickable" finished-at="2024-06-24T18:13:04 IST" duration-ms="3132" status="PASS">
          <reporter-output>
          </reporter-output>
        </test-method> <!-- issideMenuBuyerStatusDeleveredProductsClickable -->
        <test-method signature="issideMenuRaiseTicketButtonClickable1()[pri:12, instance:Com.TrusteeModuleTest.DashboardPageTest@302c971f]" started-at="2024-06-24T18:13:04 IST" name="issideMenuRaiseTicketButtonClickable1" finished-at="2024-06-24T18:13:07 IST" duration-ms="3154" status="PASS">
          <reporter-output>
          </reporter-output>
        </test-method> <!-- issideMenuRaiseTicketButtonClickable1 -->
        <test-method signature="issideMenuTicketStatusButtonClickable2()[pri:13, instance:Com.TrusteeModuleTest.DashboardPageTest@302c971f]" started-at="2024-06-24T18:13:07 IST" name="issideMenuTicketStatusButtonClickable2" finished-at="2024-06-24T18:13:10 IST" duration-ms="3195" status="PASS">
          <reporter-output>
          </reporter-output>
        </test-method> <!-- issideMenuTicketStatusButtonClickable2 -->
      </class> <!-- Com.TrusteeModuleTest.DashboardPageTest -->
      <class name="Com.TrusteeModuleTest.BuyerStatus_DeliveredProductsPageTest">
        <test-method signature="VerifyCommissionEarnedDsipaly()[pri:30, instance:Com.TrusteeModuleTest.BuyerStatus_DeliveredProductsPageTest@3f4faf53]" started-at="2024-06-24T18:14:06 IST" name="VerifyCommissionEarnedDsipaly" finished-at="2024-06-24T18:14:12 IST" duration-ms="6219" status="FAIL">
          <exception class="org.openqa.selenium.ElementNotInteractableException">
            <message>
              <![CDATA[element not interactable
  (Session info: chrome=126.0.6478.63)
Build info: version: '4.14.1', revision: '03f8ede370'
System info: os.name: 'Windows 10', os.arch: 'amd64', os.version: '10.0', java.version: '17.0.7'
Driver info: org.openqa.selenium.chrome.ChromeDriver
Command: [fffd88410c46f70cd45f087c772e9871, clickElement {id=f.E90A451E9A65AF3043E659635D774734.d.ECD10084334C8EB34776561C43482F2F.e.68}]
Capabilities {acceptInsecureCerts: false, browserName: chrome, browserVersion: 126.0.6478.63, chrome: {chromedriverVersion: 126.0.6478.63 (df799988fdc9..., userDataDir: C:\Users\admin\AppData\Loca...}, fedcm:accounts: true, goog:chromeOptions: {debuggerAddress: localhost:58418}, networkConnectionEnabled: false, pageLoadStrategy: normal, platformName: windows, proxy: Proxy(), se:cdp: ws://localhost:58418/devtoo..., se:cdpVersion: 126.0.6478.63, setWindowRect: true, strictFileInteractability: false, timeouts: {implicit: 0, pageLoad: 300000, script: 30000}, unhandledPromptBehavior: dismiss and notify, webauthn:extension:credBlob: true, webauthn:extension:largeBlob: true, webauthn:extension:minPinLength: true, webauthn:extension:prf: true, webauthn:virtualAuthenticators: true}
Element: [[ChromeDriver: chrome on windows (fffd88410c46f70cd45f087c772e9871)] -> xpath: //span[normalize-space()='Delivered Products']]
Session ID: fffd88410c46f70cd45f087c772e9871]]>
            </message>
            <full-stacktrace>
              <![CDATA[org.openqa.selenium.ElementNotInteractableException: element not interactable
  (Session info: chrome=126.0.6478.63)
Build info: version: '4.14.1', revision: '03f8ede370'
System info: os.name: 'Windows 10', os.arch: 'amd64', os.version: '10.0', java.version: '17.0.7'
Driver info: org.openqa.selenium.chrome.ChromeDriver
Command: [fffd88410c46f70cd45f087c772e9871, clickElement {id=f.E90A451E9A65AF3043E659635D774734.d.ECD10084334C8EB34776561C43482F2F.e.68}]
Capabilities {acceptInsecureCerts: false, browserName: chrome, browserVersion: 126.0.6478.63, chrome: {chromedriverVersion: 126.0.6478.63 (df799988fdc9..., userDataDir: C:\Users\admin\AppData\Loca...}, fedcm:accounts: true, goog:chromeOptions: {debuggerAddress: localhost:58418}, networkConnectionEnabled: false, pageLoadStrategy: normal, platformName: windows, proxy: Proxy(), se:cdp: ws://localhost:58418/devtoo..., se:cdpVersion: 126.0.6478.63, setWindowRect: true, strictFileInteractability: false, timeouts: {implicit: 0, pageLoad: 300000, script: 30000}, unhandledPromptBehavior: dismiss and notify, webauthn:extension:credBlob: true, webauthn:extension:largeBlob: true, webauthn:extension:minPinLength: true, webauthn:extension:prf: true, webauthn:virtualAuthenticators: true}
Element: [[ChromeDriver: chrome on windows (fffd88410c46f70cd45f087c772e9871)] -> xpath: //span[normalize-space()='Delivered Products']]
Session ID: fffd88410c46f70cd45f087c772e9871
at java.base/jdk.internal.reflect.NativeConstructorAccessorImpl.newInstance0(Native Method)
at java.base/jdk.internal.reflect.NativeConstructorAccessorImpl.newInstance(NativeConstructorAccessorImpl.java:77)
at java.base/jdk.internal.reflect.DelegatingConstructorAccessorImpl.newInstance(DelegatingConstructorAccessorImpl.java:45)
at java.base/java.lang.reflect.Constructor.newInstanceWithCaller(Constructor.java:499)
at java.base/java.lang.reflect.Constructor.newInstance(Constructor.java:480)
at org.openqa.selenium.remote.codec.w3c.W3CHttpResponseCodec.createException(W3CHttpResponseCodec.java:200)
at org.openqa.selenium.remote.codec.w3c.W3CHttpResponseCodec.decode(W3CHttpResponseCodec.java:133)
at org.openqa.selenium.remote.codec.w3c.W3CHttpResponseCodec.decode(W3CHttpResponseCodec.java:52)
at org.openqa.selenium.remote.HttpCommandExecutor.execute(HttpCommandExecutor.java:191)
at org.openqa.selenium.remote.service.DriverCommandExecutor.invokeExecute(DriverCommandExecutor.java:200)
at org.openqa.selenium.remote.service.DriverCommandExecutor.execute(DriverCommandExecutor.java:175)
at org.openqa.selenium.remote.RemoteWebDriver.execute(RemoteWebDriver.java:602)
at org.openqa.selenium.remote.RemoteWebElement.execute(RemoteWebElement.java:224)
at org.openqa.selenium.remote.RemoteWebElement.click(RemoteWebElement.java:77)
at jdk.internal.reflect.GeneratedMethodAccessor3.invoke(Unknown Source)
at java.base/jdk.internal.reflect.DelegatingMethodAccessorImpl.invoke(DelegatingMethodAccessorImpl.java:43)
at java.base/java.lang.reflect.Method.invoke(Method.java:568)
at org.openqa.selenium.support.pagefactory.internal.LocatingElementHandler.invoke(LocatingElementHandler.java:51)
at jdk.proxy2/jdk.proxy2.$Proxy12.click(Unknown Source)
at com.TrusteeModule.BuyerStatus_DeliveredProducts.BuyerStatusClick(BuyerStatus_DeliveredProducts.java:40)
at Com.TrusteeModuleTest.BuyerStatus_DeliveredProductsPageTest.VerifyCommissionEarnedDsipaly(BuyerStatus_DeliveredProductsPageTest.java:21)
at java.base/jdk.internal.reflect.NativeMethodAccessorImpl.invoke0(Native Method)
at java.base/jdk.internal.reflect.NativeMethodAccessorImpl.invoke(NativeMethodAccessorImpl.java:77)
at java.base/jdk.internal.reflect.DelegatingMethodAccessorImpl.invoke(DelegatingMethodAccessorImpl.java:43)
at java.base/java.lang.reflect.Method.invoke(Method.java:568)
at org.testng.internal.invokers.MethodInvocationHelper.invokeMethod(MethodInvocationHelper.java:141)
at org.testng.internal.invokers.TestInvoker.invokeMethod(TestInvoker.java:686)
at org.testng.internal.invokers.TestInvoker.invokeTestMethod(TestInvoker.java:230)
at org.testng.internal.invokers.MethodRunner.runInSequence(MethodRunner.java:63)
at org.testng.internal.invokers.TestInvoker$MethodInvocationAgent.invoke(TestInvoker.java:992)
at org.testng.internal.invokers.TestInvoker.invokeTestMethods(TestInvoker.java:203)
at org.testng.internal.invokers.TestMethodWorker.invokeTestMethods(TestMethodWorker.java:154)
at org.testng.internal.invokers.TestMethodWorker.run(TestMethodWorker.java:134)
at java.base/java.util.ArrayList.forEach(ArrayList.java:1511)
at org.testng.TestRunner.privateRun(TestRunner.java:739)
at org.testng.TestRunner.run(TestRunner.java:614)
at org.testng.SuiteRunner.runTest(SuiteRunner.java:421)
at org.testng.SuiteRunner.runSequentially(SuiteRunner.java:413)
at org.testng.SuiteRunner.privateRun(SuiteRunner.java:373)
at org.testng.SuiteRunner.run(SuiteRunner.java:312)
at org.testng.SuiteRunnerWorker.runSuite(SuiteRunnerWorker.java:52)
at org.testng.SuiteRunnerWorker.run(SuiteRunnerWorker.java:95)
at org.testng.TestNG.runSuitesSequentially(TestNG.java:1274)
at org.testng.TestNG.runSuitesLocally(TestNG.java:1208)
at org.testng.TestNG.runSuites(TestNG.java:1112)
at org.testng.TestNG.run(TestNG.java:1079)
at org.testng.remote.AbstractRemoteTestNG.run(AbstractRemoteTestNG.java:115)
at org.testng.remote.RemoteTestNG.initAndRun(RemoteTestNG.java:293)
at org.testng.remote.RemoteTestNG.main(RemoteTestNG.java:91)
]]>
            </full-stacktrace>
          </exception> <!-- org.openqa.selenium.ElementNotInteractableException -->
          <reporter-output>
          </reporter-output>
        </test-method> <!-- VerifyCommissionEarnedDsipaly -->
        <test-method signature="Verifypreviousandnextbuttons()[pri:31, instance:Com.TrusteeModuleTest.BuyerStatus_DeliveredProductsPageTest@3f4faf53]" started-at="2024-06-24T18:14:12 IST" name="Verifypreviousandnextbuttons" finished-at="2024-06-24T18:14:14 IST" duration-ms="2077" status="PASS">
          <reporter-output>
          </reporter-output>
        </test-method> <!-- Verifypreviousandnextbuttons -->
        <test-method signature="AllTextDisplay()[pri:32, instance:Com.TrusteeModuleTest.BuyerStatus_DeliveredProductsPageTest@3f4faf53]" started-at="2024-06-24T18:14:14 IST" name="AllTextDisplay" finished-at="2024-06-24T18:14:16 IST" duration-ms="2046" status="PASS">
          <reporter-output>
          </reporter-output>
        </test-method> <!-- AllTextDisplay -->
        <test-method signature="NoProductDisplay()[pri:33, instance:Com.TrusteeModuleTest.BuyerStatus_DeliveredProductsPageTest@3f4faf53]" started-at="2024-06-24T18:14:16 IST" name="NoProductDisplay" finished-at="2024-06-24T18:14:18 IST" duration-ms="2064" status="PASS">
          <reporter-output>
          </reporter-output>
        </test-method> <!-- NoProductDisplay -->
      </class> <!-- Com.TrusteeModuleTest.BuyerStatus_DeliveredProductsPageTest -->
    </test> <!-- Test -->
  </suite> <!-- Suite -->
</testng-results>
